{
  "stats": {
    "suites": 1,
    "tests": 4,
    "passes": 4,
    "pending": 0,
    "failures": 0,
    "start": "2022-07-31T16:57:19.359Z",
    "end": "2022-07-31T16:57:33.068Z",
    "duration": 13709,
    "testsRegistered": 4,
    "passPercent": 100,
    "pendingPercent": 0,
    "other": 0,
    "hasOther": false,
    "skipped": 0,
    "hasSkipped": false
  },
  "results": [
    {
      "uuid": "ae6070a4-1aed-4032-8bf6-6932bd91b3ca",
      "title": "",
      "fullFile": "cypress\\integration\\CLIMS-1.feature",
      "file": "cypress\\integration\\CLIMS-1.feature",
      "beforeHooks": [],
      "afterHooks": [],
      "tests": [],
      "suites": [
        {
          "uuid": "c0fd490b-8f23-4d96-83fb-7897472053eb",
          "title": "As a CLIMSOFT user I must be able to use auth features",
          "fullFile": "",
          "file": "",
          "beforeHooks": [],
          "afterHooks": [],
          "tests": [
            {
              "title": "Scenario-1 As a user When I try to login into the climsoft app with blank form it shows validation errors",
              "fullTitle": "As a CLIMSOFT user I must be able to use auth features Scenario-1 As a user When I try to login into the climsoft app with blank form it shows validation errors",
              "timedOut": null,
              "duration": 1831,
              "state": "passed",
              "speed": "fast",
              "pass": true,
              "fail": false,
              "pending": false,
              "context": null,
              "code": "const state = window.testState;\nreturn cy\n  .then(() => state.onStartScenario(scenario, indexedSteps))\n  .then(() =>\n    resolveAndRunBeforeHooks.call(this, scenario.tags, state.feature.name)\n  )\n  .then(() =>\n    indexedSteps.forEach((step) =>\n      stepTest.call(this, state, step, rowData)\n    )\n  )\n  .then(() => state.onFinishScenario(scenario));",
              "err": {},
              "uuid": "2a7b3915-1feb-4cb7-b5d4-84f11ecc5fa5",
              "parentUUID": "c0fd490b-8f23-4d96-83fb-7897472053eb",
              "isHook": false,
              "skipped": false
            },
            {
              "title": "Scenario-2 As a user When I try to login into the climsoft with wrong password it shows the login failure message",
              "fullTitle": "As a CLIMSOFT user I must be able to use auth features Scenario-2 As a user When I try to login into the climsoft with wrong password it shows the login failure message",
              "timedOut": null,
              "duration": 3539,
              "state": "passed",
              "speed": "fast",
              "pass": true,
              "fail": false,
              "pending": false,
              "context": null,
              "code": "const state = window.testState;\nreturn cy\n  .then(() => state.onStartScenario(scenario, indexedSteps))\n  .then(() =>\n    resolveAndRunBeforeHooks.call(this, scenario.tags, state.feature.name)\n  )\n  .then(() =>\n    indexedSteps.forEach((step) =>\n      stepTest.call(this, state, step, rowData)\n    )\n  )\n  .then(() => state.onFinishScenario(scenario));",
              "err": {},
              "uuid": "6c572670-9133-446a-89b7-de69084f4076",
              "parentUUID": "c0fd490b-8f23-4d96-83fb-7897472053eb",
              "isHook": false,
              "skipped": false
            },
            {
              "title": "Scenario-3 As a user I am able to login into the climsoft app",
              "fullTitle": "As a CLIMSOFT user I must be able to use auth features Scenario-3 As a user I am able to login into the climsoft app",
              "timedOut": null,
              "duration": 3394,
              "state": "passed",
              "speed": "fast",
              "pass": true,
              "fail": false,
              "pending": false,
              "context": null,
              "code": "const state = window.testState;\nreturn cy\n  .then(() => state.onStartScenario(scenario, indexedSteps))\n  .then(() =>\n    resolveAndRunBeforeHooks.call(this, scenario.tags, state.feature.name)\n  )\n  .then(() =>\n    indexedSteps.forEach((step) =>\n      stepTest.call(this, state, step, rowData)\n    )\n  )\n  .then(() => state.onFinishScenario(scenario));",
              "err": {},
              "uuid": "6bfed4d7-4569-4b84-af34-8e5c0ff58e52",
              "parentUUID": "c0fd490b-8f23-4d96-83fb-7897472053eb",
              "isHook": false,
              "skipped": false
            },
            {
              "title": "Scenario-4 As a user I am able to login into the climsoft app and land on my last visited page",
              "fullTitle": "As a CLIMSOFT user I must be able to use auth features Scenario-4 As a user I am able to login into the climsoft app and land on my last visited page",
              "timedOut": null,
              "duration": 3934,
              "state": "passed",
              "speed": "fast",
              "pass": true,
              "fail": false,
              "pending": false,
              "context": null,
              "code": "const state = window.testState;\nreturn cy\n  .then(() => state.onStartScenario(scenario, indexedSteps))\n  .then(() =>\n    resolveAndRunBeforeHooks.call(this, scenario.tags, state.feature.name)\n  )\n  .then(() =>\n    indexedSteps.forEach((step) =>\n      stepTest.call(this, state, step, rowData)\n    )\n  )\n  .then(() => state.onFinishScenario(scenario));",
              "err": {},
              "uuid": "5838cc02-3e05-4db7-b17d-a8ab80148352",
              "parentUUID": "c0fd490b-8f23-4d96-83fb-7897472053eb",
              "isHook": false,
              "skipped": false
            }
          ],
          "suites": [],
          "passes": [
            "2a7b3915-1feb-4cb7-b5d4-84f11ecc5fa5",
            "6c572670-9133-446a-89b7-de69084f4076",
            "6bfed4d7-4569-4b84-af34-8e5c0ff58e52",
            "5838cc02-3e05-4db7-b17d-a8ab80148352"
          ],
          "failures": [],
          "pending": [],
          "skipped": [],
          "duration": 12698,
          "root": false,
          "rootEmpty": false,
          "_timeout": 2000
        }
      ],
      "passes": [],
      "failures": [],
      "pending": [],
      "skipped": [],
      "duration": 0,
      "root": true,
      "rootEmpty": true,
      "_timeout": 2000
    }
  ],
  "meta": {
    "mocha": {
      "version": "7.0.1"
    },
    "mochawesome": {
      "options": {
        "quiet": false,
        "reportFilename": "mochawesome",
        "saveHtml": false,
        "saveJson": true,
        "consoleReporter": "spec",
        "useInlineDiffs": false,
        "code": true
      },
      "version": "7.1.3"
    },
    "marge": {
      "options": {
        "charts": true,
        "reportDir": "cypress\\report\\.jsons",
        "reportPageTitle": "admin-report",
        "embeddedScreenshots": true,
        "inlineAssets": true,
        "saveAllAttempts": false,
        "overwrite": false,
        "html": false,
        "json": true
      },
      "version": "6.2.0"
    }
  }
}